<?xml version="1.0" encoding="UTF-8"?>
<!-- Generated by org.testng.reporters.JUnitXMLReporter -->
<testsuite ignored="0" hostname="JEYALAKSHMI" failures="0" tests="4" name="Default test" time="119.325" errors="0" timestamp="2022-10-11T12:13:21 IST">
  <testcase classname="ecommerce.Automation" name="LaunchChrome" time="2.026"/>
  <testcase classname="ecommerce.Automation" name="LaunchFirefox" time="4.008"/>
  <testcase classname="ecommerce.Automation" name="f" time="63.578"/>
  <testcase classname="ecommerce.Automation" name="firefox" time="49.672"/>
</testsuite> <!-- Default test -->
